2015-07-16 01:56:24,520 P2226 [INFO] ************************************************************
2015-07-16 01:56:24,520 P2226 [INFO] ConfigSet _OnInstanceBoot
2015-07-16 01:56:24,526 P2226 [INFO] ++++++++++++++++++++++++++++++++++++++++++++++++++++++++++++
2015-07-16 01:56:24,526 P2226 [INFO] Config AWSEBBaseConfig
2015-07-16 01:56:24,528 P2226 [INFO] ============================================================
2015-07-16 01:56:24,528 P2226 [INFO] Command clearbackupfiles
2015-07-16 01:56:24,531 P2226 [INFO] Completed successfully.
2015-07-16 01:56:24,541 P2226 [INFO] ++++++++++++++++++++++++++++++++++++++++++++++++++++++++++++
2015-07-16 01:56:24,541 P2226 [INFO] Config AWSEBMessageOfTheDay
2015-07-16 01:56:24,542 P2226 [INFO] ============================================================
2015-07-16 01:56:24,542 P2226 [INFO] Command 01clearoriginal
2015-07-16 01:56:24,545 P2226 [INFO] Completed successfully.
2015-07-16 01:56:24,546 P2226 [INFO] ============================================================
2015-07-16 01:56:24,546 P2226 [INFO] Command 02createbanner
2015-07-16 01:56:24,553 P2226 [INFO] Completed successfully.
2015-07-16 01:56:24,553 P2226 [INFO] ============================================================
2015-07-16 01:56:24,554 P2226 [INFO] Command 03updatebanner
2015-07-16 01:56:24,610 P2226 [INFO] Completed successfully.
2015-07-16 01:56:24,621 P2226 [INFO] ++++++++++++++++++++++++++++++++++++++++++++++++++++++++++++
2015-07-16 01:56:24,621 P2226 [INFO] Config Infra-InstallBaseHooksPkg
2015-07-16 01:56:24,933 P2226 [INFO] ++++++++++++++++++++++++++++++++++++++++++++++++++++++++++++
2015-07-16 01:56:24,933 P2226 [INFO] Config Infra-InstallContainerHooksPkg
2015-07-16 01:56:25,598 P2226 [INFO] ++++++++++++++++++++++++++++++++++++++++++++++++++++++++++++
2015-07-16 01:56:25,598 P2226 [INFO] Config Infra-WriteLeaderTestScript
2015-07-16 01:56:25,607 P2226 [INFO] ++++++++++++++++++++++++++++++++++++++++++++++++++++++++++++
2015-07-16 01:56:25,607 P2226 [INFO] Config AWSEBLockCfnBootstap
2015-07-16 01:56:25,607 P2226 [INFO] ============================================================
2015-07-16 01:56:25,607 P2226 [INFO] Command add_lock
2015-07-16 01:56:25,610 P2226 [INFO] Completed successfully.
2015-07-16 01:56:25,619 P2226 [INFO] ++++++++++++++++++++++++++++++++++++++++++++++++++++++++++++
2015-07-16 01:56:25,619 P2226 [INFO] Config Infra-WriteTailLogsConf
2015-07-16 01:56:25,628 P2226 [INFO] ++++++++++++++++++++++++++++++++++++++++++++++++++++++++++++
2015-07-16 01:56:25,628 P2226 [INFO] Config Infra-WriteSystemTailLogsConf
2015-07-16 01:56:25,638 P2226 [INFO] ++++++++++++++++++++++++++++++++++++++++++++++++++++++++++++
2015-07-16 01:56:25,638 P2226 [INFO] Config Infra-WriteBundleLogsConf
2015-07-16 01:56:25,643 P2226 [INFO] ++++++++++++++++++++++++++++++++++++++++++++++++++++++++++++
2015-07-16 01:56:25,643 P2226 [INFO] Config Infra-WritePublishLogsConf
2015-07-16 01:56:25,647 P2226 [INFO] ++++++++++++++++++++++++++++++++++++++++++++++++++++++++++++
2015-07-16 01:56:25,647 P2226 [INFO] Config Infra-WritePublishLogsCron
2015-07-16 01:56:27,841 P2290 [INFO] ************************************************************
2015-07-16 01:56:27,841 P2290 [INFO] ConfigSet Infra-WriteApplication2
2015-07-16 01:56:27,842 P2290 [INFO] ++++++++++++++++++++++++++++++++++++++++++++++++++++++++++++
2015-07-16 01:56:27,842 P2290 [INFO] Config Infra-WriteApplication2
2015-07-16 01:56:27,894 P2290 [INFO] ============================================================
2015-07-16 01:56:27,894 P2290 [INFO] Command 01downloadVersion
2015-07-16 01:56:29,130 P2290 [INFO] Completed successfully.
2015-07-16 01:56:29,131 P2290 [INFO] ============================================================
2015-07-16 01:56:29,131 P2290 [INFO] Command 02deleteVersionDownloadScriptFile
2015-07-16 01:56:29,133 P2290 [INFO] Completed successfully.
2015-07-16 01:56:57,677 P2485 [INFO] ************************************************************
2015-07-16 01:56:57,677 P2485 [INFO] ConfigSet Infra-EmbeddedPreBuild
2015-07-16 05:37:42,749 P28521 [INFO] ************************************************************
2015-07-16 05:37:42,749 P28521 [INFO] ConfigSet Infra-WriteApplication2
2015-07-16 05:37:42,750 P28521 [INFO] ++++++++++++++++++++++++++++++++++++++++++++++++++++++++++++
2015-07-16 05:37:42,750 P28521 [INFO] Config Infra-WriteApplication2
2015-07-16 05:37:42,798 P28521 [INFO] ============================================================
2015-07-16 05:37:42,798 P28521 [INFO] Command 01downloadVersion
2015-07-16 05:37:43,072 P28521 [INFO] Completed successfully.
2015-07-16 05:37:43,072 P28521 [INFO] ============================================================
2015-07-16 05:37:43,072 P28521 [INFO] Command 02deleteVersionDownloadScriptFile
2015-07-16 05:37:43,075 P28521 [INFO] Completed successfully.
2015-07-16 05:37:43,337 P28533 [INFO] ************************************************************
2015-07-16 05:37:43,337 P28533 [INFO] ConfigSet Infra-EmbeddedPreBuild
2015-07-16 05:46:47,875 P29118 [INFO] ************************************************************
2015-07-16 05:46:47,875 P29118 [INFO] ConfigSet Infra-WriteApplication2
2015-07-16 05:46:47,876 P29118 [INFO] ++++++++++++++++++++++++++++++++++++++++++++++++++++++++++++
2015-07-16 05:46:47,876 P29118 [INFO] Config Infra-WriteApplication2
2015-07-16 05:46:47,916 P29118 [INFO] ============================================================
2015-07-16 05:46:47,916 P29118 [INFO] Command 01downloadVersion
2015-07-16 05:46:48,264 P29118 [INFO] Completed successfully.
2015-07-16 05:46:48,265 P29118 [INFO] ============================================================
2015-07-16 05:46:48,265 P29118 [INFO] Command 02deleteVersionDownloadScriptFile
2015-07-16 05:46:48,267 P29118 [INFO] Completed successfully.
2015-07-16 05:46:48,578 P29130 [INFO] ************************************************************
2015-07-16 05:46:48,578 P29130 [INFO] ConfigSet Infra-EmbeddedPreBuild
2015-07-16 06:11:04,006 P29907 [INFO] ************************************************************
2015-07-16 06:11:04,006 P29907 [INFO] ConfigSet Infra-WriteApplication2
2015-07-16 06:11:04,006 P29907 [INFO] ++++++++++++++++++++++++++++++++++++++++++++++++++++++++++++
2015-07-16 06:11:04,007 P29907 [INFO] Config Infra-WriteApplication2
2015-07-16 06:11:04,051 P29907 [INFO] ============================================================
2015-07-16 06:11:04,051 P29907 [INFO] Command 01downloadVersion
2015-07-16 06:11:04,339 P29907 [INFO] Completed successfully.
2015-07-16 06:11:04,339 P29907 [INFO] ============================================================
2015-07-16 06:11:04,339 P29907 [INFO] Command 02deleteVersionDownloadScriptFile
2015-07-16 06:11:04,342 P29907 [INFO] Completed successfully.
2015-07-16 06:11:04,607 P29919 [INFO] ************************************************************
2015-07-16 06:11:04,607 P29919 [INFO] ConfigSet Infra-EmbeddedPreBuild
2015-07-16 06:18:10,097 P30517 [INFO] ************************************************************
2015-07-16 06:18:10,097 P30517 [INFO] ConfigSet Infra-WriteApplication2
2015-07-16 06:18:10,098 P30517 [INFO] ++++++++++++++++++++++++++++++++++++++++++++++++++++++++++++
2015-07-16 06:18:10,098 P30517 [INFO] Config Infra-WriteApplication2
2015-07-16 06:18:10,145 P30517 [INFO] ============================================================
2015-07-16 06:18:10,145 P30517 [INFO] Command 01downloadVersion
2015-07-16 06:18:10,393 P30517 [INFO] Completed successfully.
2015-07-16 06:18:10,393 P30517 [INFO] ============================================================
2015-07-16 06:18:10,393 P30517 [INFO] Command 02deleteVersionDownloadScriptFile
2015-07-16 06:18:10,396 P30517 [INFO] Completed successfully.
2015-07-16 06:18:10,712 P30529 [INFO] ************************************************************
2015-07-16 06:18:10,712 P30529 [INFO] ConfigSet Infra-EmbeddedPreBuild
2015-07-17 00:03:54,764 P7719 [INFO] ************************************************************
2015-07-17 00:03:54,764 P7719 [INFO] ConfigSet Infra-WriteApplication2
2015-07-17 00:03:54,765 P7719 [INFO] ++++++++++++++++++++++++++++++++++++++++++++++++++++++++++++
2015-07-17 00:03:54,765 P7719 [INFO] Config Infra-WriteApplication2
2015-07-17 00:03:54,812 P7719 [INFO] ============================================================
2015-07-17 00:03:54,812 P7719 [INFO] Command 01downloadVersion
2015-07-17 00:03:55,084 P7719 [INFO] Completed successfully.
2015-07-17 00:03:55,085 P7719 [INFO] ============================================================
2015-07-17 00:03:55,085 P7719 [INFO] Command 02deleteVersionDownloadScriptFile
2015-07-17 00:03:55,088 P7719 [INFO] Completed successfully.
2015-07-17 00:03:55,406 P7731 [INFO] ************************************************************
2015-07-17 00:03:55,407 P7731 [INFO] ConfigSet Infra-EmbeddedPreBuild
2015-07-17 00:34:10,225 P8486 [INFO] ************************************************************
2015-07-17 00:34:10,225 P8486 [INFO] ConfigSet Infra-WriteApplication2
2015-07-17 00:34:10,226 P8486 [INFO] ++++++++++++++++++++++++++++++++++++++++++++++++++++++++++++
2015-07-17 00:34:10,226 P8486 [INFO] Config Infra-WriteApplication2
2015-07-17 00:34:10,271 P8486 [INFO] ============================================================
2015-07-17 00:34:10,271 P8486 [INFO] Command 01downloadVersion
2015-07-17 00:34:10,518 P8486 [INFO] Completed successfully.
2015-07-17 00:34:10,519 P8486 [INFO] ============================================================
2015-07-17 00:34:10,519 P8486 [INFO] Command 02deleteVersionDownloadScriptFile
2015-07-17 00:34:10,522 P8486 [INFO] Completed successfully.
2015-07-17 00:34:10,890 P8498 [INFO] ************************************************************
2015-07-17 00:34:10,891 P8498 [INFO] ConfigSet Infra-EmbeddedPreBuild
2015-07-17 03:00:40,497 P10269 [INFO] ************************************************************
2015-07-17 03:00:40,497 P10269 [INFO] ConfigSet Infra-WriteApplication2
2015-07-17 03:00:40,498 P10269 [INFO] ++++++++++++++++++++++++++++++++++++++++++++++++++++++++++++
2015-07-17 03:00:40,498 P10269 [INFO] Config Infra-WriteApplication2
2015-07-17 03:00:40,537 P10269 [INFO] ============================================================
2015-07-17 03:00:40,538 P10269 [INFO] Command 01downloadVersion
2015-07-17 03:00:40,789 P10269 [INFO] Completed successfully.
2015-07-17 03:00:40,790 P10269 [INFO] ============================================================
2015-07-17 03:00:40,790 P10269 [INFO] Command 02deleteVersionDownloadScriptFile
2015-07-17 03:00:40,793 P10269 [INFO] Completed successfully.
2015-07-17 03:00:41,056 P10281 [INFO] ************************************************************
2015-07-17 03:00:41,056 P10281 [INFO] ConfigSet Infra-EmbeddedPreBuild
2015-07-17 03:05:31,813 P10896 [INFO] ************************************************************
2015-07-17 03:05:31,814 P10896 [INFO] ConfigSet Infra-WriteApplication2
2015-07-17 03:05:31,814 P10896 [INFO] ++++++++++++++++++++++++++++++++++++++++++++++++++++++++++++
2015-07-17 03:05:31,814 P10896 [INFO] Config Infra-WriteApplication2
2015-07-17 03:05:31,856 P10896 [INFO] ============================================================
2015-07-17 03:05:31,856 P10896 [INFO] Command 01downloadVersion
2015-07-17 03:05:32,154 P10896 [INFO] Completed successfully.
2015-07-17 03:05:32,154 P10896 [INFO] ============================================================
2015-07-17 03:05:32,154 P10896 [INFO] Command 02deleteVersionDownloadScriptFile
2015-07-17 03:05:32,157 P10896 [INFO] Completed successfully.
2015-07-17 03:05:32,426 P10908 [INFO] ************************************************************
2015-07-17 03:05:32,426 P10908 [INFO] ConfigSet Infra-EmbeddedPreBuild
2015-07-17 04:18:51,638 P12116 [INFO] ************************************************************
2015-07-17 04:18:51,638 P12116 [INFO] ConfigSet Infra-WriteApplication2
2015-07-17 04:18:51,639 P12116 [INFO] ++++++++++++++++++++++++++++++++++++++++++++++++++++++++++++
2015-07-17 04:18:51,639 P12116 [INFO] Config Infra-WriteApplication2
2015-07-17 04:18:51,686 P12116 [INFO] ============================================================
2015-07-17 04:18:51,686 P12116 [INFO] Command 01downloadVersion
2015-07-17 04:18:51,945 P12116 [INFO] Completed successfully.
2015-07-17 04:18:51,945 P12116 [INFO] ============================================================
2015-07-17 04:18:51,945 P12116 [INFO] Command 02deleteVersionDownloadScriptFile
2015-07-17 04:18:51,948 P12116 [INFO] Completed successfully.
2015-07-17 04:18:52,265 P12128 [INFO] ************************************************************
2015-07-17 04:18:52,265 P12128 [INFO] ConfigSet Infra-EmbeddedPreBuild
2015-07-17 22:08:55,797 P21902 [INFO] ************************************************************
2015-07-17 22:08:55,797 P21902 [INFO] ConfigSet Infra-WriteApplication2
2015-07-17 22:08:55,798 P21902 [INFO] ++++++++++++++++++++++++++++++++++++++++++++++++++++++++++++
2015-07-17 22:08:55,798 P21902 [INFO] Config Infra-WriteApplication2
2015-07-17 22:08:56,150 P21902 [INFO] ============================================================
2015-07-17 22:08:56,150 P21902 [INFO] Command 01downloadVersion
2015-07-17 22:08:56,412 P21902 [INFO] Completed successfully.
2015-07-17 22:08:56,413 P21902 [INFO] ============================================================
2015-07-17 22:08:56,413 P21902 [INFO] Command 02deleteVersionDownloadScriptFile
2015-07-17 22:08:56,416 P21902 [INFO] Completed successfully.
2015-07-17 22:08:56,731 P21914 [INFO] ************************************************************
2015-07-17 22:08:56,731 P21914 [INFO] ConfigSet Infra-EmbeddedPreBuild
2015-07-17 22:49:45,444 P22756 [INFO] ************************************************************
2015-07-17 22:49:45,444 P22756 [INFO] ConfigSet Infra-WriteApplication2
2015-07-17 22:49:45,445 P22756 [INFO] ++++++++++++++++++++++++++++++++++++++++++++++++++++++++++++
2015-07-17 22:49:45,445 P22756 [INFO] Config Infra-WriteApplication2
2015-07-17 22:49:45,493 P22756 [INFO] ============================================================
2015-07-17 22:49:45,493 P22756 [INFO] Command 01downloadVersion
2015-07-17 22:49:45,754 P22756 [INFO] Completed successfully.
2015-07-17 22:49:45,755 P22756 [INFO] ============================================================
2015-07-17 22:49:45,755 P22756 [INFO] Command 02deleteVersionDownloadScriptFile
2015-07-17 22:49:45,757 P22756 [INFO] Completed successfully.
2015-07-17 22:49:46,071 P22768 [INFO] ************************************************************
2015-07-17 22:49:46,071 P22768 [INFO] ConfigSet Infra-EmbeddedPreBuild
