[2015-07-16T01:56:13Z] Started EB User Data
+ SLEEP_TIME=10
+ SLEEP_TIME_MAX=3600
+ true
+ curl https://s3.amazonaws.com/elasticbeanstalk-env-resources-us-east-1/stalks/eb_python_3.18.1/lib/UserDataScript.sh
  % Total    % Received % Xferd  Average Speed   Time    Time     Time  Current
                                 Dload  Upload   Total   Spent    Left  Speed
  0     0    0     0    0     0      0      0 --:--:-- --:--:-- --:--:--     0  0     0    0     0    0     0      0      0 --:--:-- --:--:-- --:--:--     0  0     0    0     0    0     0      0      0 --:--:--  0:00:01 --:--:--     0100  8393  100  8393    0     0   4487      0  0:00:01  0:00:01 --:--:--  4485
+ RESULT=0
+ [[ 0 -ne 0 ]]
+ /bin/bash /tmp/ebbootstrap.sh 'https://s3.amazonaws.com/elasticbeanstalk-env-resources-us-east-1/stalks/eb_python_3.18.1/lib/aws-cfn-bootstrap-1.4-7_eb.noarch.rpm https://s3.amazonaws.com/elasticbeanstalk-env-resources-us-east-1/stalks/eb_python_3.18.1/lib/aws-elasticbeanstalk-tools-1.15-1.noarch.rpm' https://s3.amazonaws.com/elasticbeanstalk-env-resources-us-east-1/stalks/eb_python_3.18.1/lib/awseb-ruby-2.1.5-x86_64-20141120_2028.tar.gz 'https://s3.amazonaws.com/elasticbeanstalk-env-resources-us-east-1/stalks/eb_python_3.18.1/lib/beanstalk-core-1.6.gem https://s3.amazonaws.com/elasticbeanstalk-env-resources-us-east-1/stalks/eb_python_3.18.1/lib/executor-1.1.gem' 'https://cloudformation-waitcondition-us-east-1.s3.amazonaws.com/arn%3Aaws%3Acloudformation%3Aus-east-1%3A647822978635%3Astack/awseb-e-d7jmiqupxb-stack/7557cf30-2b5d-11e5-b5ca-5001dc3ed86e/AWSEBInstanceLaunchWaitHandle?AWSAccessKeyId=AKIAIIT3CWAIMJYUTISA&Expires=1437098016&Signature=M76eVhsYgW2lj9R5Sh00vUI2EZo%3D' arn:aws:cloudformation:us-east-1:647822978635:stack/awseb-e-d7jmiqupxb-stack/7557cf30-2b5d-11e5-b5ca-5001dc3ed86e us-east-1 5853392f6602
[2015-07-16T01:56:15.237Z] Started EB Bootstrapping Script.
[2015-07-16T01:56:15.272Z] Received parameters:
 RPMS = https://s3.amazonaws.com/elasticbeanstalk-env-resources-us-east-1/stalks/eb_python_3.18.1/lib/aws-cfn-bootstrap-1.4-7_eb.noarch.rpm https://s3.amazonaws.com/elasticbeanstalk-env-resources-us-east-1/stalks/eb_python_3.18.1/lib/aws-elasticbeanstalk-tools-1.15-1.noarch.rpm
 TARBALLS = https://s3.amazonaws.com/elasticbeanstalk-env-resources-us-east-1/stalks/eb_python_3.18.1/lib/awseb-ruby-2.1.5-x86_64-20141120_2028.tar.gz
 EB_GEMS = https://s3.amazonaws.com/elasticbeanstalk-env-resources-us-east-1/stalks/eb_python_3.18.1/lib/beanstalk-core-1.6.gem https://s3.amazonaws.com/elasticbeanstalk-env-resources-us-east-1/stalks/eb_python_3.18.1/lib/executor-1.1.gem
 SIGNAL_URL = https://cloudformation-waitcondition-us-east-1.s3.amazonaws.com/arn%3Aaws%3Acloudformation%3Aus-east-1%3A647822978635%3Astack/awseb-e-d7jmiqupxb-stack/7557cf30-2b5d-11e5-b5ca-5001dc3ed86e/AWSEBInstanceLaunchWaitHandle?AWSAccessKeyId=AKIAIIT3CWAIMJYUTISA&Expires=1437098016&Signature=M76eVhsYgW2lj9R5Sh00vUI2EZo%3D
 STACK_ID = arn:aws:cloudformation:us-east-1:647822978635:stack/awseb-e-d7jmiqupxb-stack/7557cf30-2b5d-11e5-b5ca-5001dc3ed86e
 REGION = us-east-1
 GUID = 5853392f6602
[2015-07-16T01:56:15.289Z] yum repo has already been locked to 5853392f6602.
[2015-07-16T01:56:15.298Z] yum update has already been done.
[2015-07-16T01:56:15.439Z] Completed creating AWS EB users and groups.
[2015-07-16T01:56:15.443Z] Started executing install_rpms https://s3.amazonaws.com/elasticbeanstalk-env-resources-us-east-1/stalks/eb_python_3.18.1/lib/aws-cfn-bootstrap-1.4-7_eb.noarch.rpm https://s3.amazonaws.com/elasticbeanstalk-env-resources-us-east-1/stalks/eb_python_3.18.1/lib/aws-elasticbeanstalk-tools-1.15-1.noarch.rpm.
[2015-07-16T01:56:15.454Z] Installing RPM: https://s3.amazonaws.com/elasticbeanstalk-env-resources-us-east-1/stalks/eb_python_3.18.1/lib/aws-cfn-bootstrap-1.4-7_eb.noarch.rpm.
[2015-07-16T01:56:16.811Z] aws-cfn-bootstrap-1.4-7_eb.noarch has already been installed. Skip installing.
[2015-07-16T01:56:16.816Z] Installing RPM: https://s3.amazonaws.com/elasticbeanstalk-env-resources-us-east-1/stalks/eb_python_3.18.1/lib/aws-elasticbeanstalk-tools-1.15-1.noarch.rpm.
[2015-07-16T01:56:17.022Z] aws-elasticbeanstalk-tools-1.15-1.noarch has already been installed. Skip installing.
[2015-07-16T01:56:17.027Z] Command Returned: 
[2015-07-16T01:56:17.031Z] Completed executing install_rpms.
[2015-07-16T01:56:17.035Z] Started executing install_tarballs https://s3.amazonaws.com/elasticbeanstalk-env-resources-us-east-1/stalks/eb_python_3.18.1/lib/awseb-ruby-2.1.5-x86_64-20141120_2028.tar.gz.
[2015-07-16T01:56:17.042Z] Installing tarball: https://s3.amazonaws.com/elasticbeanstalk-env-resources-us-east-1/stalks/eb_python_3.18.1/lib/awseb-ruby-2.1.5-x86_64-20141120_2028.tar.gz.
[2015-07-16T01:56:17.049Z] awseb-ruby-2.1.5-x86_64-20141120_2028.tar.gz has already been installed. Skip installing.
[2015-07-16T01:56:17.054Z] Command Returned: 
[2015-07-16T01:56:17.057Z] Completed executing install_tarballs.
[2015-07-16T01:56:17.061Z] Started executing install_eb_gems https://s3.amazonaws.com/elasticbeanstalk-env-resources-us-east-1/stalks/eb_python_3.18.1/lib/beanstalk-core-1.6.gem https://s3.amazonaws.com/elasticbeanstalk-env-resources-us-east-1/stalks/eb_python_3.18.1/lib/executor-1.1.gem.
[2015-07-16T01:56:17.276Z] Installing EB Gem: https://s3.amazonaws.com/elasticbeanstalk-env-resources-us-east-1/stalks/eb_python_3.18.1/lib/beanstalk-core-1.6.gem.
[2015-07-16T01:56:21.712Z] beanstalk-core-1.6 has already been installed. Skip installing.
[2015-07-16T01:56:21.717Z] Installing EB Gem: https://s3.amazonaws.com/elasticbeanstalk-env-resources-us-east-1/stalks/eb_python_3.18.1/lib/executor-1.1.gem.
[2015-07-16T01:56:21.873Z] executor-1.1 has already been installed. Skip installing.
[2015-07-16T01:56:21.878Z] Command Returned: 
[2015-07-16T01:56:21.881Z] Completed executing install_eb_gems.
[2015-07-16T01:56:21.885Z] First init of system.
[2015-07-16T01:56:21.889Z] Started executing cfn_init _OnInstanceBoot.
[2015-07-16T01:56:21.893Z] Running cfn-init ConfigSet: _OnInstanceBoot.
[2015-07-16T01:56:25.781Z] Command Returned: 
[2015-07-16T01:56:25.785Z] Completed executing cfn_init.
[2015-07-16T01:56:25.789Z] Check whether controlled by launch workflow...
[2015-07-16T01:56:27.297Z] Worflow running.
[2015-07-16T01:56:27.301Z] Workflow controlled instance. Running container provisioning...
[2015-07-16T01:56:27.305Z] Started executing start_cfn_hup.
[2015-07-16T01:56:27.309Z] Starting cfn-hup.
[2015-07-16T01:56:27.315Z] Command Returned: cfn-hup start/running, process 2273
[2015-07-16T01:56:27.325Z] Completed executing start_cfn_hup.
[2015-07-16T01:56:27.333Z] Started executing run_eb_command { "api_version" : "1.0", "request_id": "0", "command_name": "CMD-PreInit" } .
[2015-07-16T01:56:27.345Z] Running EB Command: { "api_version" : "1.0", "request_id": "0", "command_name": "CMD-PreInit" } .
[2015-07-16T01:56:36.197Z] Command Returned: {"status":"SUCCESS","api_version":"1.0","results":[{"status":"SUCCESS","msg":"","returncode":0,"events":[]}]}
[2015-07-16T01:56:36.204Z] Completed executing run_eb_command.
[2015-07-16T01:56:36.208Z] Synchronizing network time in background.
[2015-07-16T01:56:36.212Z] Successfully bootstrapped instance.
[2015-07-16T01:56:36.216Z] Sending success signal to CFN wait condition.
CloudFormation signaled successfully with SUCCESS.
[2015-07-16T01:56:36.584Z] Tailing /var/log/eb-commandprocessor.log

******************* eb-commandprocessor taillog *******************
[2015-07-16T01:56:27.548Z] DEBUG [2283]  : Reading config file: /etc/elasticbeanstalk/.aws-eb-stack.properties
[2015-07-16T01:56:27.548Z] INFO  [2283]  : Received command CMD-PreInit: 
{
  "api_version" : "1.0",
  "request_id": "0",
  "command_name": "CMD-PreInit"
}

[2015-07-16T01:56:27.548Z] DEBUG [2283]  : Checking if the command processor should execute...
[2015-07-16T01:56:27.582Z] DEBUG [2283]  : Checking whether the command is applicable to instance (i-d4beec07)..
[2015-07-16T01:56:27.582Z] INFO  [2283]  : Command is applicable to this instance (i-d4beec07)..
[2015-07-16T01:56:27.582Z] DEBUG [2283]  : Checking if the received command stage is valid..
[2015-07-16T01:56:27.582Z] INFO  [2283]  : No stage_num in command. Valid stage..
[2015-07-16T01:56:27.582Z] INFO  [2283]  : Command processor should execute command.
[2015-07-16T01:56:27.582Z] DEBUG [2283]  : Storing current stage..
[2015-07-16T01:56:27.582Z] DEBUG [2283]  : Stage_num does not exist. Not saving null stage. Returning..
[2015-07-16T01:56:27.582Z] INFO  [2283]  : Executing command: CMD-PreInit...
[2015-07-16T01:56:27.582Z] DEBUG [2283]  : Reading config file: /etc/elasticbeanstalk/.aws-eb-stack.properties
[2015-07-16T01:56:27.583Z] DEBUG [2283]  : Refreshing metadata..
[2015-07-16T01:56:27.583Z] DEBUG [2283]  : Refreshed environment metadata.
[2015-07-16T01:56:27.583Z] DEBUG [2283]  : Retrieving metadata for key: AWS::ElasticBeanstalk::Ext||_ContainerConfigFileContent||commands..
[2015-07-16T01:56:27.583Z] DEBUG [2283]  : Retrieving metadata for key: AWS::ElasticBeanstalk::Ext||_API||_Commands..
[2015-07-16T01:56:27.588Z] INFO  [2283]  : Found enabled addons: ["logpublish"].
[2015-07-16T01:56:27.588Z] INFO  [2283]  : Updating Command definition of addon logpublish.
[2015-07-16T01:56:27.589Z] DEBUG [2283]  : Loaded definition of Command CMD-PreInit.
[2015-07-16T01:56:27.589Z] INFO  [2283]  : Executing command CMD-PreInit activities...
[2015-07-16T01:56:27.589Z] DEBUG [2283]  : Setting environment variables..
[2015-07-16T01:56:27.589Z] INFO  [2283]  : Running AddonsBefore for command CMD-PreInit...
[2015-07-16T01:56:27.589Z] DEBUG [2283]  : Running stages of Command CMD-PreInit from stage 0 to stage 0...
[2015-07-16T01:56:27.589Z] INFO  [2283]  : Running stage 0 of command CMD-PreInit...
[2015-07-16T01:56:27.589Z] DEBUG [2283]  : Loaded 4 actions for stage 0.
[2015-07-16T01:56:27.589Z] INFO  [2283]  : Running 1 of 4 actions: InfraWriteConfig...
[2015-07-16T01:56:27.592Z] INFO  [2283]  : Running 2 of 4 actions: InfraWriteApp1...
[2015-07-16T01:56:27.593Z] INFO  [2283]  : Running 3 of 4 actions: InfraWriteApp2...
[2015-07-16T01:56:29.156Z] INFO  [2283]  : Running 4 of 4 actions: PreInitHook...
[2015-07-16T01:56:36.190Z] INFO  [2283]  : Running AddonsAfter for command CMD-PreInit...
[2015-07-16T01:56:36.191Z] INFO  [2283]  : Command CMD-PreInit succeeded!
[2015-07-16T01:56:36.191Z] INFO  [2283]  : Command processor returning results: 
{"status":"SUCCESS","api_version":"1.0","results":[{"status":"SUCCESS","msg":"","returncode":0,"events":[]}]}
******************* End of taillog *******************


[2015-07-16T01:56:36.598Z] Tailing /var/log/eb-activity.log

******************* eb-activity taillog *******************
  Installing setuptools, pip...done.
  Already using interpreter /usr/bin/python2.7
  New python executable in /opt/python/run/venv/bin/python2.7
  Also creating executable in /opt/python/run/venv/bin/python
  Installing setuptools, pip...done.
  Ignoring indexes: https://pypi.python.org/simple
  Processing /opt/elasticbeanstalk/containerfiles/packages/pip-7.0.3-py2.py3-none-any.whl
  Installing collected packages: pip
    Found existing installation: pip 6.0.8
      Uninstalling pip-6.0.8:
        Successfully uninstalled pip-6.0.8
  
  Successfully installed pip-7.0.3
  Ignoring indexes: https://pypi.python.org/simple
  Collecting setuptools
  Installing collected packages: setuptools
    Found existing installation: setuptools 12.0.5
      Uninstalling setuptools-12.0.5:
        Successfully uninstalled setuptools-12.0.5
  Successfully installed setuptools-17.1.1
[2015-07-16T01:56:35.403Z] INFO  [2283]  - [CMD-PreInit/PreInitStage0/PreInitHook/05wsgiuser.sh] : Starting activity...
[2015-07-16T01:56:35.842Z] INFO  [2283]  - [CMD-PreInit/PreInitStage0/PreInitHook/05wsgiuser.sh] : Completed activity. Result:
  ++ /opt/elasticbeanstalk/bin/get-config container -k app_user
  + APP_USER=wsgi
  + id -u wsgi
  id: wsgi: no such user
  + adduser --system --user-group wsgi -s /sbin/nologin
[2015-07-16T01:56:35.842Z] INFO  [2283]  - [CMD-PreInit/PreInitStage0/PreInitHook/06startsupervisor.sh] : Starting activity...
[2015-07-16T01:56:36.018Z] INFO  [2283]  - [CMD-PreInit/PreInitStage0/PreInitHook/06startsupervisor.sh] : Completed activity. Result:
  ++ pgrep supervisord
  + '[' '!' ']'
  + start supervisord
  supervisord start/running, process 2382
[2015-07-16T01:56:36.018Z] INFO  [2283]  - [CMD-PreInit/PreInitStage0/PreInitHook/07updatepermissions.sh] : Starting activity...
[2015-07-16T01:56:36.188Z] INFO  [2283]  - [CMD-PreInit/PreInitStage0/PreInitHook/07updatepermissions.sh] : Completed activity. Result:
  ++ /opt/elasticbeanstalk/bin/get-config container -k app_user
  + APP_USER=wsgi
  + chgrp wsgi /opt/python/log
  + chmod 775 /opt/python/log
[2015-07-16T01:56:36.188Z] INFO  [2283]  - [CMD-PreInit/PreInitStage0/PreInitHook/99cleanup.sh] : Starting activity...
[2015-07-16T01:56:36.190Z] INFO  [2283]  - [CMD-PreInit/PreInitStage0/PreInitHook/99cleanup.sh] : Completed activity. Result:
  + rm -f /etc/logrotate.d/httpd
[2015-07-16T01:56:36.190Z] INFO  [2283]  - [CMD-PreInit/PreInitStage0/PreInitHook] : Completed activity. Result:
  Successfully execute hooks in directory /opt/elasticbeanstalk/hooks/preinit.
[2015-07-16T01:56:36.190Z] INFO  [2283]  - [CMD-PreInit/PreInitStage0] : Completed activity. Result:
  Command CMD-PreInit stage 0 completed.
[2015-07-16T01:56:36.191Z] INFO  [2283]  - [CMD-PreInit/AddonsAfter] : Starting activity...
[2015-07-16T01:56:36.191Z] INFO  [2283]  - [CMD-PreInit/AddonsAfter] : Completed activity.
[2015-07-16T01:56:36.191Z] INFO  [2283]  - [CMD-PreInit] : Completed activity. Result:
  Command CMD-PreInit succeeded.
******************* End of taillog *******************


[2015-07-16T01:56:36.608Z] Tailing /var/log/eb-tools.log

******************* eb-tools taillog *******************
***eb-tools is not available yet.***
******************* End of taillog *******************


[2015-07-16T01:56:36.614Z] Tailing /var/log/eb-version-deployment.log

******************* eb-version-deployment taillog *******************
2015-07-16 01:56:28,959 [INFO] Found the latest version manifest file <Key: elasticbeanstalk-us-east-1-647822978635,resources/environments/e-d7jmiqupxb/_runtime/versions/manifest_1437011609658> from bucket elasticbeanstalk-us-east-1-647822978635 and prefix resources/environments/e-d7jmiqupxb/_runtime/versions/
2015-07-16 01:56:29,011 [INFO] Downloaded the manifest file to /tmp/version_file_manifest
2015-07-16 01:56:29,119 [INFO] Downloaded version label app-150715_215202 from s3 key <Key: elasticbeanstalk-us-east-1-647822978635,resources/environments/e-d7jmiqupxb/_runtime/_versions/django_ecommerce/app-150715_215202>
******************* End of taillog *******************


[2015-07-16T01:56:36.623Z] Tailing /var/log/cfn-init.log

******************* cfn-init taillog *******************
2015-07-16 01:56:24,371 [INFO] -----------------------Starting build-----------------------
2015-07-16 01:56:24,519 [INFO] Running configSets: _OnInstanceBoot
2015-07-16 01:56:24,520 [INFO] Running configSet _OnInstanceBoot
2015-07-16 01:56:24,526 [INFO] Running config AWSEBBaseConfig
2015-07-16 01:56:24,531 [INFO] Command clearbackupfiles succeeded
2015-07-16 01:56:24,541 [INFO] Running config AWSEBMessageOfTheDay
2015-07-16 01:56:24,545 [INFO] Command 01clearoriginal succeeded
2015-07-16 01:56:24,553 [INFO] Command 02createbanner succeeded
2015-07-16 01:56:24,611 [INFO] Command 03updatebanner succeeded
2015-07-16 01:56:24,621 [INFO] Running config Infra-InstallBaseHooksPkg
2015-07-16 01:56:24,932 [INFO] Running config Infra-InstallContainerHooksPkg
2015-07-16 01:56:25,598 [INFO] Running config Infra-WriteLeaderTestScript
2015-07-16 01:56:25,607 [INFO] Running config AWSEBLockCfnBootstap
2015-07-16 01:56:25,611 [INFO] Command add_lock succeeded
2015-07-16 01:56:25,619 [INFO] Running config Infra-WriteTailLogsConf
2015-07-16 01:56:25,628 [INFO] Running config Infra-WriteSystemTailLogsConf
2015-07-16 01:56:25,637 [INFO] Running config Infra-WriteBundleLogsConf
2015-07-16 01:56:25,643 [INFO] Running config Infra-WritePublishLogsConf
2015-07-16 01:56:25,647 [INFO] Running config Infra-WritePublishLogsCron
2015-07-16 01:56:25,649 [INFO] ConfigSets completed
2015-07-16 01:56:25,771 [INFO] -----------------------Build complete-----------------------
2015-07-16 01:56:27,817 [INFO] -----------------------Starting build-----------------------
2015-07-16 01:56:27,840 [INFO] Running configSets: Infra-WriteApplication2
2015-07-16 01:56:27,841 [INFO] Running configSet Infra-WriteApplication2
2015-07-16 01:56:27,842 [INFO] Running config Infra-WriteApplication2
2015-07-16 01:56:29,130 [INFO] Command 01downloadVersion succeeded
2015-07-16 01:56:29,133 [INFO] Command 02deleteVersionDownloadScriptFile succeeded
2015-07-16 01:56:29,136 [INFO] ConfigSets completed
2015-07-16 01:56:29,145 [INFO] -----------------------Build complete-----------------------
******************* End of taillog *******************


[2015-07-16T01:56:36.634Z] Tailing /var/log/cfn-hup.log

******************* cfn-hup taillog *******************
2015-07-16 01:56:27,555 [DEBUG] CloudFormation client initialized with endpoint https://cloudformation.us-east-1.amazonaws.com
2015-07-16 01:56:27,555 [DEBUG] SQS client initialized with endpoint https://queue.amazonaws.com
2015-07-16 01:56:27,555 [DEBUG] CloudFormation client initialized with endpoint https://cloudformation.us-east-1.amazonaws.com
2015-07-16 01:56:27,555 [DEBUG] Enabled single threading mode.
2015-07-16 01:56:27,556 [DEBUG] Creating /var/lib/cfn-hup/data
2015-07-16 01:56:27,564 [DEBUG] Registering listener i-d4beec07 for stack arn:aws:cloudformation:us-east-1:647822978635:stack/awseb-e-d7jmiqupxb-stack/7557cf30-2b5d-11e5-b5ca-5001dc3ed86e
2015-07-16 01:56:28,485 [INFO] Refreshing listener credentials
2015-07-16 01:56:28,485 [DEBUG] Get listener credentials for listener i-d4beec07 in stack arn:aws:cloudformation:us-east-1:647822978635:stack/awseb-e-d7jmiqupxb-stack/7557cf30-2b5d-11e5-b5ca-5001dc3ed86e
2015-07-16 01:56:28,650 [INFO] Scheduling next credential refresh in 7200 seconds
2015-07-16 01:56:28,650 [DEBUG] Receiving messages for queue https://queue.amazonaws.com/668920780829/edd6ef4c011f8d04fe6eeb4ea03bf434ff1ac054db1afe6d6009a0bf7ac461b0
******************* End of taillog *******************


[2015-07-16T01:56:36.642Z] Completed EB Bootstrapping Script.
+ exit 0
16 Jul 01:56:45 ntpdate[2397]: adjust time server 52.0.56.137 offset -0.000264 sec
